# JRE version: OpenJDK Runtime Environment (21.0.6) (build 21.0.6+-13368085-b895.109)
# Java VM: OpenJDK 64-Bit Server VM (21.0.6+-13368085-b895.109, mixed mode, tiered, compressed oops, compressed class ptrs, g1 gc, windows-amd64)
GC Precious Log:
 CardTable entry size: 512
 Card Set container configuration: InlinePtr #cards 5 size 8 Array Of Cards #cards 12 size 40 Howl #buckets 4 coarsen threshold 1843 Howl Bitmap #cards 512 size 80 coarsen threshold 460 Card regions per heap region 1 cards per card region 2048
 CPUs: 8 total, 8 available
 Memory: 7413M
 Large Page Support: Disabled
 NUMA Support: Disabled
 Compressed Oops: Enabled (32-bit)
 Heap Region Size: 1M
 Heap Min Capacity: 8M
 Heap Initial Capacity: 116M
 Heap Max Capacity: 2G
 Pre-touch: Disabled
 Parallel Workers: 8
 Concurrent Workers: 2
 Concurrent Refinement Workers: 8
 Periodic GC: Disabled
Heap:
 garbage-first heap   total 106496K, used 52060K [0x0000000080000000, 0x0000000100000000)
  region size 1024K, 5 young (5120K), 1 survivors (1024K)
 Metaspace       used 66664K, committed 68352K, reserved 1114112K
  class space    used 9056K, committed 9920K, reserved 1048576K
GC Heap History (20 events):
Event: 5.742 GC heap before
{Heap before GC invocations=11 (full 0):
 garbage-first heap   total 71680K, used 62234K [0x0000000080000000, 0x0000000100000000)
  region size 1024K, 35 young (35840K), 5 survivors (5120K)
 Metaspace       used 46641K, committed 47936K, reserved 1114112K
  class space    used 6236K, committed 6912K, reserved 1048576K
}
Event: 5.747 GC heap after
{Heap after GC invocations=12 (full 0):
 garbage-first heap   total 86016K, used 33902K [0x0000000080000000, 0x0000000100000000)
  region size 1024K, 3 young (3072K), 3 survivors (3072K)
 Metaspace       used 46641K, committed 47936K, reserved 1114112K
  class space    used 6236K, committed 6912K, reserved 1048576K
}
Event: 6.227 GC heap before
{Heap before GC invocations=12 (full 0):
 garbage-first heap   total 86016K, used 73838K [0x0000000080000000, 0x0000000100000000)
  region size 1024K, 42 young (43008K), 3 survivors (3072K)
 Metaspace       used 50275K, committed 51712K, reserved 1114112K
  class space    used 6814K, committed 7552K, reserved 1048576K
}
Event: 6.230 GC heap after
{Heap after GC invocations=13 (full 0):
 garbage-first heap   total 86016K, used 36383K [0x0000000080000000, 0x0000000100000000)
  region size 1024K, 5 young (5120K), 5 survivors (5120K)
 Metaspace       used 50275K, committed 51712K, reserved 1114112K
  class space    used 6814K, committed 7552K, reserved 1048576K
}
Event: 6.875 GC heap before
{Heap before GC invocations=13 (full 0):
 garbage-first heap   total 86016K, used 77343K [0x0000000080000000, 0x0000000100000000)
  region size 1024K, 43 young (44032K), 5 survivors (5120K)
 Metaspace       used 56080K, committed 57600K, reserved 1114112K
  class space    used 7553K, committed 8320K, reserved 1048576K
}
Event: 6.879 GC heap after
{Heap after GC invocations=14 (full 0):
 garbage-first heap   total 86016K, used 37879K [0x0000000080000000, 0x0000000100000000)
  region size 1024K, 5 young (5120K), 5 survivors (5120K)
 Metaspace       used 56080K, committed 57600K, reserved 1114112K
  class space    used 7553K, committed 8320K, reserved 1048576K
}
Event: 7.243 GC heap before
{Heap before GC invocations=14 (full 0):
 garbage-first heap   total 86016K, used 58359K [0x0000000080000000, 0x0000000100000000)
  region size 1024K, 26 young (26624K), 5 survivors (5120K)
 Metaspace       used 58947K, committed 60416K, reserved 1114112K
  class space    used 7966K, committed 8704K, reserved 1048576K
}
Event: 7.246 GC heap after
{Heap after GC invocations=15 (full 0):
 garbage-first heap   total 86016K, used 39365K [0x0000000080000000, 0x0000000100000000)
  region size 1024K, 3 young (3072K), 3 survivors (3072K)
 Metaspace       used 58947K, committed 60416K, reserved 1114112K
  class space    used 7966K, committed 8704K, reserved 1048576K
}
Event: 8.016 GC heap before
{Heap before GC invocations=16 (full 0):
 garbage-first heap   total 86016K, used 77253K [0x0000000080000000, 0x0000000100000000)
  region size 1024K, 40 young (40960K), 3 survivors (3072K)
 Metaspace       used 63748K, committed 65472K, reserved 1114112K
  class space    used 8749K, committed 9600K, reserved 1048576K
}
Event: 8.020 GC heap after
{Heap after GC invocations=17 (full 0):
 garbage-first heap   total 86016K, used 41984K [0x0000000080000000, 0x0000000100000000)
  region size 1024K, 5 young (5120K), 5 survivors (5120K)
 Metaspace       used 63748K, committed 65472K, reserved 1114112K
  class space    used 8749K, committed 9600K, reserved 1048576K
}
Event: 8.735 GC heap before
{Heap before GC invocations=17 (full 0):
 garbage-first heap   total 86016K, used 75776K [0x0000000080000000, 0x0000000100000000)
  region size 1024K, 38 young (38912K), 5 survivors (5120K)
 Metaspace       used 65903K, committed 67584K, reserved 1114112K
  class space    used 9029K, committed 9856K, reserved 1048576K
}
Event: 8.743 GC heap after
{Heap after GC invocations=18 (full 0):
 garbage-first heap   total 88064K, used 46597K [0x0000000080000000, 0x0000000100000000)
  region size 1024K, 5 young (5120K), 5 survivors (5120K)
 Metaspace       used 65903K, committed 67584K, reserved 1114112K
  class space    used 9029K, committed 9856K, reserved 1048576K
}
Event: 8.984 GC heap before
{Heap before GC invocations=18 (full 0):
 garbage-first heap   total 88064K, used 76293K [0x0000000080000000, 0x0000000100000000)
  region size 1024K, 35 young (35840K), 5 survivors (5120K)
 Metaspace       used 66175K, committed 67840K, reserved 1114112K
  class space    used 9029K, committed 9856K, reserved 1048576K
}
Event: 8.989 GC heap after
{Heap after GC invocations=19 (full 0):
 garbage-first heap   total 88064K, used 49340K [0x0000000080000000, 0x0000000100000000)
  region size 1024K, 4 young (4096K), 4 survivors (4096K)
 Metaspace       used 66175K, committed 67840K, reserved 1114112K
  class space    used 9029K, committed 9856K, reserved 1048576K
}
Event: 9.207 GC heap before
{Heap before GC invocations=20 (full 0):
 garbage-first heap   total 88064K, used 75964K [0x0000000080000000, 0x0000000100000000)
  region size 1024K, 31 young (31744K), 4 survivors (4096K)
 Metaspace       used 66477K, committed 68160K, reserved 1114112K
  class space    used 9056K, committed 9920K, reserved 1048576K
}
Event: 9.209 GC heap after
{Heap after GC invocations=21 (full 0):
 garbage-first heap   total 88064K, used 50347K [0x0000000080000000, 0x0000000100000000)
  region size 1024K, 4 young (4096K), 4 survivors (4096K)
 Metaspace       used 66477K, committed 68160K, reserved 1114112K
  class space    used 9056K, committed 9920K, reserved 1048576K
}
Event: 9.346 GC heap before
{Heap before GC invocations=21 (full 0):
 garbage-first heap   total 88064K, used 76971K [0x0000000080000000, 0x0000000100000000)
  region size 1024K, 30 young (30720K), 4 survivors (4096K)
 Metaspace       used 66614K, committed 68352K, reserved 1114112K
  class space    used 9056K, committed 9920K, reserved 1048576K
}
Event: 9.349 GC heap after
{Heap after GC invocations=22 (full 0):
 garbage-first heap   total 88064K, used 49347K [0x0000000080000000, 0x0000000100000000)
  region size 1024K, 4 young (4096K), 4 survivors (4096K)
 Metaspace       used 66614K, committed 68352K, reserved 1114112K
  class space    used 9056K, committed 9920K, reserved 1048576K
}
Event: 9.477 GC heap before
{Heap before GC invocations=22 (full 0):
 garbage-first heap   total 88064K, used 76995K [0x0000000080000000, 0x0000000100000000)
  region size 1024K, 31 young (31744K), 4 survivors (4096K)
 Metaspace       used 66664K, committed 68352K, reserved 1114112K
  class space    used 9056K, committed 9920K, reserved 1048576K
}
Event: 10.494 GC heap after
{Heap after GC invocations=23 (full 0):
 garbage-first heap   total 106496K, used 49896K [0x0000000080000000, 0x0000000100000000)
  region size 1024K, 4 young (4096K), 4 survivors (4096K)
 Metaspace       used 66664K, committed 68352K, reserved 1114112K
  class space    used 9056K, committed 9920K, reserved 1048576K
}

