# JRE version: OpenJDK Runtime Environment (21.0.6) (build 21.0.6+-13368085-b895.109)
# Java VM: OpenJDK 64-Bit Server VM (21.0.6+-13368085-b895.109, mixed mode, tiered, compressed oops, compressed class ptrs, g1 gc, windows-amd64)
GC Precious Log:
 CardTable entry size: 512
 Card Set container configuration: InlinePtr #cards 5 size 8 Array Of Cards #cards 12 size 40 Howl #buckets 4 coarsen threshold 1843 Howl Bitmap #cards 512 size 80 coarsen threshold 460 Card regions per heap region 1 cards per card region 2048
 CPUs: 8 total, 8 available
 Memory: 7413M
 Large Page Support: Disabled
 NUMA Support: Disabled
 Compressed Oops: Enabled (32-bit)
 Heap Region Size: 1M
 Heap Min Capacity: 8M
 Heap Initial Capacity: 116M
 Heap Max Capacity: 2G
 Pre-touch: Disabled
 Parallel Workers: 8
 Concurrent Workers: 2
 Concurrent Refinement Workers: 8
 Periodic GC: Disabled
Heap:
 garbage-first heap   total 204800K, used 146325K [0x0000000080000000, 0x0000000100000000)
  region size 1024K, 27 young (27648K), 8 survivors (8192K)
 Metaspace       used 114615K, committed 116800K, reserved 1179648K
  class space    used 15590K, committed 16704K, reserved 1048576K
GC Heap History (20 events):
Event: 29.849 GC heap before
{Heap before GC invocations=45 (full 0):
 garbage-first heap   total 145408K, used 130939K [0x0000000080000000, 0x0000000100000000)
  region size 1024K, 45 young (46080K), 6 survivors (6144K)
 Metaspace       used 91488K, committed 93440K, reserved 1179648K
  class space    used 12302K, committed 13312K, reserved 1048576K
}
Event: 29.855 GC heap after
{Heap after GC invocations=46 (full 0):
 garbage-first heap   total 145408K, used 93016K [0x0000000080000000, 0x0000000100000000)
  region size 1024K, 5 young (5120K), 5 survivors (5120K)
 Metaspace       used 91488K, committed 93440K, reserved 1179648K
  class space    used 12302K, committed 13312K, reserved 1048576K
}
Event: 30.129 GC heap before
{Heap before GC invocations=46 (full 0):
 garbage-first heap   total 145408K, used 102232K [0x0000000080000000, 0x0000000100000000)
  region size 1024K, 15 young (15360K), 5 survivors (5120K)
 Metaspace       used 92158K, committed 94080K, reserved 1179648K
  class space    used 12399K, committed 13376K, reserved 1048576K
}
Event: 30.133 GC heap after
{Heap after GC invocations=47 (full 0):
 garbage-first heap   total 145408K, used 93902K [0x0000000080000000, 0x0000000100000000)
  region size 1024K, 2 young (2048K), 2 survivors (2048K)
 Metaspace       used 92158K, committed 94080K, reserved 1179648K
  class space    used 12399K, committed 13376K, reserved 1048576K
}
Event: 31.249 GC heap before
{Heap before GC invocations=48 (full 0):
 garbage-first heap   total 160768K, used 133838K [0x0000000080000000, 0x0000000100000000)
  region size 1024K, 40 young (40960K), 2 survivors (2048K)
 Metaspace       used 95275K, committed 97280K, reserved 1179648K
  class space    used 12951K, committed 13952K, reserved 1048576K
}
Event: 31.251 GC heap after
{Heap after GC invocations=49 (full 0):
 garbage-first heap   total 160768K, used 94145K [0x0000000080000000, 0x0000000100000000)
  region size 1024K, 2 young (2048K), 2 survivors (2048K)
 Metaspace       used 95275K, committed 97280K, reserved 1179648K
  class space    used 12951K, committed 13952K, reserved 1048576K
}
Event: 32.513 GC heap before
{Heap before GC invocations=49 (full 0):
 garbage-first heap   total 160768K, used 145345K [0x0000000080000000, 0x0000000100000000)
  region size 1024K, 52 young (53248K), 2 survivors (2048K)
 Metaspace       used 98983K, committed 101056K, reserved 1179648K
  class space    used 13522K, committed 14592K, reserved 1048576K
}
Event: 32.517 GC heap after
{Heap after GC invocations=50 (full 0):
 garbage-first heap   total 160768K, used 94660K [0x0000000080000000, 0x0000000100000000)
  region size 1024K, 4 young (4096K), 4 survivors (4096K)
 Metaspace       used 98983K, committed 101056K, reserved 1179648K
  class space    used 13522K, committed 14592K, reserved 1048576K
}
Event: 33.839 GC heap before
{Heap before GC invocations=50 (full 0):
 garbage-first heap   total 160768K, used 145860K [0x0000000080000000, 0x0000000100000000)
  region size 1024K, 55 young (56320K), 4 survivors (4096K)
 Metaspace       used 103090K, committed 105216K, reserved 1179648K
  class space    used 14105K, committed 15168K, reserved 1048576K
}
Event: 33.844 GC heap after
{Heap after GC invocations=51 (full 0):
 garbage-first heap   total 160768K, used 97747K [0x0000000080000000, 0x0000000100000000)
  region size 1024K, 7 young (7168K), 7 survivors (7168K)
 Metaspace       used 103090K, committed 105216K, reserved 1179648K
  class space    used 14105K, committed 15168K, reserved 1048576K
}
Event: 35.197 GC heap before
{Heap before GC invocations=52 (full 0):
 garbage-first heap   total 165888K, used 142803K [0x0000000080000000, 0x0000000100000000)
  region size 1024K, 51 young (52224K), 7 survivors (7168K)
 Metaspace       used 107352K, committed 109504K, reserved 1179648K
  class space    used 14726K, committed 15808K, reserved 1048576K
}
Event: 35.203 GC heap after
{Heap after GC invocations=53 (full 0):
 garbage-first heap   total 165888K, used 99810K [0x0000000080000000, 0x0000000100000000)
  region size 1024K, 6 young (6144K), 6 survivors (6144K)
 Metaspace       used 107352K, committed 109504K, reserved 1179648K
  class space    used 14726K, committed 15808K, reserved 1048576K
}
Event: 36.386 GC heap before
{Heap before GC invocations=53 (full 0):
 garbage-first heap   total 165888K, used 147938K [0x0000000080000000, 0x0000000100000000)
  region size 1024K, 54 young (55296K), 6 survivors (6144K)
 Metaspace       used 110880K, committed 113088K, reserved 1179648K
  class space    used 15258K, committed 16384K, reserved 1048576K
}
Event: 36.394 GC heap after
{Heap after GC invocations=54 (full 0):
 garbage-first heap   total 165888K, used 103348K [0x0000000080000000, 0x0000000100000000)
  region size 1024K, 7 young (7168K), 7 survivors (7168K)
 Metaspace       used 110880K, committed 113088K, reserved 1179648K
  class space    used 15258K, committed 16384K, reserved 1048576K
}
Event: 37.311 GC heap before
{Heap before GC invocations=54 (full 0):
 garbage-first heap   total 165888K, used 148404K [0x0000000080000000, 0x0000000100000000)
  region size 1024K, 51 young (52224K), 7 survivors (7168K)
 Metaspace       used 111204K, committed 113408K, reserved 1179648K
  class space    used 15275K, committed 16384K, reserved 1048576K
}
Event: 37.319 GC heap after
{Heap after GC invocations=55 (full 0):
 garbage-first heap   total 165888K, used 108619K [0x0000000080000000, 0x0000000100000000)
  region size 1024K, 6 young (6144K), 6 survivors (6144K)
 Metaspace       used 111204K, committed 113408K, reserved 1179648K
  class space    used 15275K, committed 16384K, reserved 1048576K
}
Event: 38.040 GC heap before
{Heap before GC invocations=56 (full 0):
 garbage-first heap   total 183296K, used 148555K [0x0000000080000000, 0x0000000100000000)
  region size 1024K, 45 young (46080K), 6 survivors (6144K)
 Metaspace       used 111584K, committed 113728K, reserved 1179648K
  class space    used 15355K, committed 16448K, reserved 1048576K
}
Event: 38.046 GC heap after
{Heap after GC invocations=57 (full 0):
 garbage-first heap   total 183296K, used 111254K [0x0000000080000000, 0x0000000100000000)
  region size 1024K, 6 young (6144K), 6 survivors (6144K)
 Metaspace       used 111584K, committed 113728K, reserved 1179648K
  class space    used 15355K, committed 16448K, reserved 1048576K
}
Event: 39.509 GC heap before
{Heap before GC invocations=57 (full 0):
 garbage-first heap   total 183296K, used 178838K [0x0000000080000000, 0x0000000100000000)
  region size 1024K, 59 young (60416K), 6 survivors (6144K)
 Metaspace       used 114508K, committed 116672K, reserved 1179648K
  class space    used 15584K, committed 16704K, reserved 1048576K
}
Event: 39.524 GC heap after
{Heap after GC invocations=58 (full 0):
 garbage-first heap   total 204800K, used 127893K [0x0000000080000000, 0x0000000100000000)
  region size 1024K, 8 young (8192K), 8 survivors (8192K)
 Metaspace       used 114508K, committed 116672K, reserved 1179648K
  class space    used 15584K, committed 16704K, reserved 1048576K
}

